<?xml version="1.0" encoding="UTF-8"?>
<!-- Generated by org.testng.reporters.JUnitReportReporter -->
<testsuite hostname="REHAB" failures="0" tests="1" name="task1.GoogleSearch" time="5.067" errors="0" timestamp="2022-07-27T14:14:52 EET" skipped="0">
  <testcase classname="task1.GoogleSearch" name="GoogleSearch" time="5.067"/>
  <system-out/>
</testsuite> <!-- task1.GoogleSearch -->
