<?xml version="1.0" encoding="UTF-8"?>
<!-- Generated by org.testng.reporters.JUnitReportReporter -->
<testsuite hostname="REHAB" failures="0" tests="1" name="Test_Cases.TestCases" time="3.409" errors="0" timestamp="2022-07-27T15:21:10 EET" skipped="0">
  <testcase classname="Test_Cases.TestCases" name="GoogleSearch" time="3.409"/>
  <system-out/>
</testsuite> <!-- Test_Cases.TestCases -->
